<?xml version="1.0" encoding="UTF-8"?>
<testsuite name="com.kakaomap.domain.posts.PostsRepositoryTest" tests="1" skipped="0" failures="0" errors="0" timestamp="2020-12-08T18:24:03" hostname="DESKTOP-R7AB2GV" time="0.629">
  <properties/>
  <testcase name="게시글_불러오기" classname="com.kakaomap.domain.posts.PostsRepositoryTest" time="0.629"/>
  <system-out><![CDATA[03:23:54.492 [Test worker] DEBUG org.springframework.test.context.junit4.SpringJUnit4ClassRunner - SpringJUnit4ClassRunner constructor called with [class com.kakaomap.domain.posts.PostsRepositoryTest]
03:23:54.503 [Test worker] DEBUG org.springframework.test.context.BootstrapUtils - Instantiating CacheAwareContextLoaderDelegate from class [org.springframework.test.context.cache.DefaultCacheAwareContextLoaderDelegate]
03:23:54.515 [Test worker] DEBUG org.springframework.test.context.BootstrapUtils - Instantiating BootstrapContext using constructor [public org.springframework.test.context.support.DefaultBootstrapContext(java.lang.Class,org.springframework.test.context.CacheAwareContextLoaderDelegate)]
03:23:54.542 [Test worker] DEBUG org.springframework.test.context.BootstrapUtils - Instantiating TestContextBootstrapper for test class [com.kakaomap.domain.posts.PostsRepositoryTest] from class [org.springframework.boot.test.context.SpringBootTestContextBootstrapper]
03:23:54.560 [Test worker] INFO org.springframework.boot.test.context.SpringBootTestContextBootstrapper - Neither @ContextConfiguration nor @ContextHierarchy found for test class [com.kakaomap.domain.posts.PostsRepositoryTest], using SpringBootContextLoader
03:23:54.565 [Test worker] DEBUG org.springframework.test.context.support.AbstractContextLoader - Did not detect default resource location for test class [com.kakaomap.domain.posts.PostsRepositoryTest]: class path resource [com/kakaomap/domain/posts/PostsRepositoryTest-context.xml] does not exist
03:23:54.566 [Test worker] DEBUG org.springframework.test.context.support.AbstractContextLoader - Did not detect default resource location for test class [com.kakaomap.domain.posts.PostsRepositoryTest]: class path resource [com/kakaomap/domain/posts/PostsRepositoryTestContext.groovy] does not exist
03:23:54.566 [Test worker] INFO org.springframework.test.context.support.AbstractContextLoader - Could not detect default resource locations for test class [com.kakaomap.domain.posts.PostsRepositoryTest]: no resource found for suffixes {-context.xml, Context.groovy}.
03:23:54.568 [Test worker] INFO org.springframework.test.context.support.AnnotationConfigContextLoaderUtils - Could not detect default configuration classes for test class [com.kakaomap.domain.posts.PostsRepositoryTest]: PostsRepositoryTest does not declare any static, non-private, non-final, nested classes annotated with @Configuration.
03:23:54.627 [Test worker] DEBUG org.springframework.test.context.support.ActiveProfilesUtils - Could not find an 'annotation declaring class' for annotation type [org.springframework.test.context.ActiveProfiles] and class [com.kakaomap.domain.posts.PostsRepositoryTest]
03:23:54.746 [Test worker] DEBUG org.springframework.context.annotation.ClassPathScanningCandidateComponentProvider - Identified candidate component class: file [C:\Users\JAESEUNG\IdeaProjects\KAKAOMAP\build\classes\java\main\com\kakaomap\kakaoapplication.class]
03:23:54.748 [Test worker] INFO org.springframework.boot.test.context.SpringBootTestContextBootstrapper - Found @SpringBootConfiguration com.kakaomap.kakaoapplication for test class com.kakaomap.domain.posts.PostsRepositoryTest
03:23:54.913 [Test worker] DEBUG org.springframework.boot.test.context.SpringBootTestContextBootstrapper - @TestExecutionListeners is not present for class [com.kakaomap.domain.posts.PostsRepositoryTest]: using defaults.
03:23:54.914 [Test worker] INFO org.springframework.boot.test.context.SpringBootTestContextBootstrapper - Loaded default TestExecutionListener class names from location [META-INF/spring.factories]: [org.springframework.boot.test.autoconfigure.restdocs.RestDocsTestExecutionListener, org.springframework.boot.test.autoconfigure.web.client.MockRestServiceServerResetTestExecutionListener, org.springframework.boot.test.autoconfigure.web.servlet.MockMvcPrintOnlyOnFailureTestExecutionListener, org.springframework.boot.test.autoconfigure.web.servlet.WebDriverTestExecutionListener, org.springframework.boot.test.mock.mockito.MockitoTestExecutionListener, org.springframework.boot.test.mock.mockito.ResetMocksTestExecutionListener, org.springframework.test.context.web.ServletTestExecutionListener, org.springframework.test.context.support.DirtiesContextBeforeModesTestExecutionListener, org.springframework.test.context.support.DependencyInjectionTestExecutionListener, org.springframework.test.context.support.DirtiesContextTestExecutionListener, org.springframework.test.context.transaction.TransactionalTestExecutionListener, org.springframework.test.context.jdbc.SqlScriptsTestExecutionListener]
03:23:54.945 [Test worker] INFO org.springframework.boot.test.context.SpringBootTestContextBootstrapper - Using TestExecutionListeners: [org.springframework.test.context.web.ServletTestExecutionListener@1f48d892, org.springframework.test.context.support.DirtiesContextBeforeModesTestExecutionListener@23acec2f, org.springframework.boot.test.mock.mockito.MockitoTestExecutionListener@68d23762, org.springframework.boot.test.autoconfigure.SpringBootDependencyInjectionTestExecutionListener@1fd27c1b, org.springframework.test.context.support.DirtiesContextTestExecutionListener@4687bb3b, org.springframework.test.context.transaction.TransactionalTestExecutionListener@28efa50, org.springframework.test.context.jdbc.SqlScriptsTestExecutionListener@7b9eb444, org.springframework.boot.test.autoconfigure.restdocs.RestDocsTestExecutionListener@77202d88, org.springframework.boot.test.autoconfigure.web.client.MockRestServiceServerResetTestExecutionListener@c850e34, org.springframework.boot.test.autoconfigure.web.servlet.MockMvcPrintOnlyOnFailureTestExecutionListener@79ac298e, org.springframework.boot.test.autoconfigure.web.servlet.WebDriverTestExecutionListener@771e8e6b, org.springframework.boot.test.mock.mockito.ResetMocksTestExecutionListener@1a4b16d]
03:23:54.951 [Test worker] DEBUG org.springframework.test.annotation.ProfileValueUtils - Retrieved @ProfileValueSourceConfiguration [null] for test class [com.kakaomap.domain.posts.PostsRepositoryTest]
03:23:54.952 [Test worker] DEBUG org.springframework.test.annotation.ProfileValueUtils - Retrieved ProfileValueSource type [class org.springframework.test.annotation.SystemProfileValueSource] for class [com.kakaomap.domain.posts.PostsRepositoryTest]
03:23:54.962 [Test worker] DEBUG org.springframework.test.annotation.ProfileValueUtils - Retrieved @ProfileValueSourceConfiguration [null] for test class [com.kakaomap.domain.posts.PostsRepositoryTest]
03:23:54.962 [Test worker] DEBUG org.springframework.test.annotation.ProfileValueUtils - Retrieved ProfileValueSource type [class org.springframework.test.annotation.SystemProfileValueSource] for class [com.kakaomap.domain.posts.PostsRepositoryTest]
03:23:54.963 [Test worker] DEBUG org.springframework.test.annotation.ProfileValueUtils - Retrieved @ProfileValueSourceConfiguration [null] for test class [com.kakaomap.domain.posts.PostsRepositoryTest]
03:23:54.963 [Test worker] DEBUG org.springframework.test.annotation.ProfileValueUtils - Retrieved ProfileValueSource type [class org.springframework.test.annotation.SystemProfileValueSource] for class [com.kakaomap.domain.posts.PostsRepositoryTest]
03:23:54.970 [Test worker] DEBUG org.springframework.test.context.support.AbstractDirtiesContextTestExecutionListener - Before test class: context [DefaultTestContext@890cf9f testClass = PostsRepositoryTest, testInstance = [null], testMethod = [null], testException = [null], mergedContextConfiguration = [WebMergedContextConfiguration@69638509 testClass = PostsRepositoryTest, locations = '{}', classes = '{class com.kakaomap.kakaoapplication}', contextInitializerClasses = '[]', activeProfiles = '{}', propertySourceLocations = '{}', propertySourceProperties = '{org.springframework.boot.test.context.SpringBootTestContextBootstrapper=true}', contextCustomizers = set[org.springframework.boot.test.autoconfigure.properties.PropertyMappingContextCustomizer@0, org.springframework.boot.test.autoconfigure.web.servlet.WebDriverContextCustomizerFactory$Customizer@57914846, org.springframework.boot.test.context.filter.ExcludeFilterContextCustomizer@66318453, org.springframework.boot.test.json.DuplicateJsonObjectContextCustomizerFactory$DuplicateJsonObjectContextCustomizer@7e4f8aea, org.springframework.boot.test.mock.mockito.MockitoContextCustomizer@0, org.springframework.boot.test.web.client.TestRestTemplateContextCustomizer@1f139d49], resourceBasePath = 'src/main/webapp', contextLoader = 'org.springframework.boot.test.context.SpringBootContextLoader', parent = [null]], attributes = map['org.springframework.test.context.web.ServletTestExecutionListener.activateListener' -> true]], class annotated with @DirtiesContext [false] with mode [null].
03:23:54.971 [Test worker] DEBUG org.springframework.test.annotation.ProfileValueUtils - Retrieved @ProfileValueSourceConfiguration [null] for test class [com.kakaomap.domain.posts.PostsRepositoryTest]
03:23:54.971 [Test worker] DEBUG org.springframework.test.annotation.ProfileValueUtils - Retrieved ProfileValueSource type [class org.springframework.test.annotation.SystemProfileValueSource] for class [com.kakaomap.domain.posts.PostsRepositoryTest]
03:23:55.005 [Test worker] DEBUG org.springframework.test.context.support.TestPropertySourceUtils - Adding inlined properties to environment: {spring.jmx.enabled=false, org.springframework.boot.test.context.SpringBootTestContextBootstrapper=true, server.port=-1}

  .   ____          _            __ _ _
 /\\ / ___'_ __ _ _(_)_ __  __ _ \ \ \ \
( ( )\___ | '_ | '_| | '_ \/ _` | \ \ \ \
 \\/  ___)| |_)| | | | | || (_| |  ) ) ) )
  '  |____| .__|_| |_|_| |_\__, | / / / /
 =========|_|==============|___/=/_/_/_/
 :: Spring Boot ::        (v2.1.9.RELEASE)

2020-12-09 03:23:55.604  INFO 8836 --- [    Test worker] c.k.domain.posts.PostsRepositoryTest     : Starting PostsRepositoryTest on DESKTOP-R7AB2GV with PID 8836 (started by JAESEUNG in C:\Users\JAESEUNG\IdeaProjects\KAKAOMAP)
2020-12-09 03:23:55.606  INFO 8836 --- [    Test worker] c.k.domain.posts.PostsRepositoryTest     : No active profile set, falling back to default profiles: default
2020-12-09 03:23:56.860  INFO 8836 --- [    Test worker] .s.d.r.c.RepositoryConfigurationDelegate : Bootstrapping Spring Data repositories in DEFAULT mode.
2020-12-09 03:23:57.000  INFO 8836 --- [    Test worker] .s.d.r.c.RepositoryConfigurationDelegate : Finished Spring Data repository scanning in 124ms. Found 1 repository interfaces.
2020-12-09 03:23:57.766  INFO 8836 --- [    Test worker] trationDelegate$BeanPostProcessorChecker : Bean 'org.springframework.transaction.annotation.ProxyTransactionManagementConfiguration' of type [org.springframework.transaction.annotation.ProxyTransactionManagementConfiguration$$EnhancerBySpringCGLIB$$a1c3a6a7] is not eligible for getting processed by all BeanPostProcessors (for example: not eligible for auto-proxying)
2020-12-09 03:23:58.227  INFO 8836 --- [    Test worker] com.zaxxer.hikari.HikariDataSource       : HikariPool-1 - Starting...
2020-12-09 03:23:58.583  INFO 8836 --- [    Test worker] com.zaxxer.hikari.HikariDataSource       : HikariPool-1 - Start completed.
2020-12-09 03:23:58.783  INFO 8836 --- [    Test worker] o.hibernate.jpa.internal.util.LogHelper  : HHH000204: Processing PersistenceUnitInfo [
	name: default
	...]
2020-12-09 03:23:58.957  INFO 8836 --- [    Test worker] org.hibernate.Version                    : HHH000412: Hibernate Core {5.3.12.Final}
2020-12-09 03:23:58.960  INFO 8836 --- [    Test worker] org.hibernate.cfg.Environment            : HHH000206: hibernate.properties not found
2020-12-09 03:23:59.238  INFO 8836 --- [    Test worker] o.hibernate.annotations.common.Version   : HCANN000001: Hibernate Commons Annotations {5.0.4.Final}
2020-12-09 03:23:59.538  INFO 8836 --- [    Test worker] org.hibernate.dialect.Dialect            : HHH000400: Using dialect: org.hibernate.dialect.H2Dialect
2020-12-09 03:24:00.578  INFO 8836 --- [    Test worker] o.h.t.schema.internal.SchemaCreatorImpl  : HHH000476: Executing import script 'org.hibernate.tool.schema.internal.exec.ScriptSourceInputNonExistentImpl@52bfad21'
2020-12-09 03:24:00.586  INFO 8836 --- [    Test worker] j.LocalContainerEntityManagerFactoryBean : Initialized JPA EntityManagerFactory for persistence unit 'default'
2020-12-09 03:24:02.274  INFO 8836 --- [    Test worker] o.s.s.concurrent.ThreadPoolTaskExecutor  : Initializing ExecutorService 'applicationTaskExecutor'
2020-12-09 03:24:02.383  WARN 8836 --- [    Test worker] aWebConfiguration$JpaWebMvcConfiguration : spring.jpa.open-in-view is enabled by default. Therefore, database queries may be performed during view rendering. Explicitly configure spring.jpa.open-in-view to disable this warning
2020-12-09 03:24:03.303  INFO 8836 --- [    Test worker] c.k.domain.posts.PostsRepositoryTest     : Started PostsRepositoryTest in 8.281 seconds (JVM running for 10.085)
2020-12-09 03:24:03.708  INFO 8836 --- [    Test worker] o.h.h.i.QueryTranslatorFactoryInitiator  : HHH000397: Using ASTQueryTranslatorFactory
]]></system-out>
  <system-err><![CDATA[]]></system-err>
</testsuite>
